[2023-02-04 19:23:09,887] {taskinstance.py:1035} INFO - Dependencies all met for <TaskInstance: Train.Termination scheduled__2023-02-01T15:00:00+00:00 [queued]>
[2023-02-04 19:23:09,892] {taskinstance.py:1035} INFO - Dependencies all met for <TaskInstance: Train.Termination scheduled__2023-02-01T15:00:00+00:00 [queued]>
[2023-02-04 19:23:09,892] {taskinstance.py:1241} INFO - 
--------------------------------------------------------------------------------
[2023-02-04 19:23:09,892] {taskinstance.py:1242} INFO - Starting attempt 1 of 1
[2023-02-04 19:23:09,892] {taskinstance.py:1243} INFO - 
--------------------------------------------------------------------------------
[2023-02-04 19:23:09,903] {taskinstance.py:1262} INFO - Executing <Task(BashOperator): Termination> on 2023-02-01 15:00:00+00:00
[2023-02-04 19:23:09,905] {standard_task_runner.py:52} INFO - Started process 84442 to run task
[2023-02-04 19:23:09,908] {standard_task_runner.py:76} INFO - Running: ['airflow', 'tasks', 'run', 'Train', 'Termination', 'scheduled__2023-02-01T15:00:00+00:00', '--job-id', '46', '--raw', '--subdir', '/opt/ml/git/final-project-level3-recsys-02/Airflow/dags/RecSys_02.py', '--cfg-path', '/tmp/tmp325mp1qk', '--error-file', '/tmp/tmpwlw0x3t0']
[2023-02-04 19:23:09,909] {standard_task_runner.py:77} INFO - Job 46: Subtask Termination
[2023-02-04 19:23:09,932] {logging_mixin.py:109} INFO - Running <TaskInstance: Train.Termination scheduled__2023-02-01T15:00:00+00:00 [running]> on host 3ab801c1e2ef
[2023-02-04 19:23:09,964] {taskinstance.py:1412} INFO - Exporting the following env vars:
AIRFLOW_CTX_DAG_OWNER=RecSys-02
AIRFLOW_CTX_DAG_ID=Train
AIRFLOW_CTX_TASK_ID=Termination
AIRFLOW_CTX_EXECUTION_DATE=2023-02-01T15:00:00+00:00
AIRFLOW_CTX_DAG_RUN_ID=scheduled__2023-02-01T15:00:00+00:00
[2023-02-04 19:23:09,964] {subprocess.py:62} INFO - Tmp dir root location: 
 /tmp
[2023-02-04 19:23:09,965] {subprocess.py:74} INFO - Running command: ['bash', '-c', 'pkill -9 bentoml']
[2023-02-04 19:23:09,971] {subprocess.py:85} INFO - Output:
[2023-02-04 19:23:09,974] {subprocess.py:93} INFO - Command exited with return code 0
[2023-02-04 19:23:09,987] {taskinstance.py:1270} INFO - Marking task as SUCCESS. dag_id=Train, task_id=Termination, execution_date=20230201T150000, start_date=20230204T192309, end_date=20230204T192309
[2023-02-04 19:23:10,039] {local_task_job.py:154} INFO - Task exited with return code 0
[2023-02-04 19:23:10,058] {local_task_job.py:264} INFO - 1 downstream tasks scheduled from follow-on schedule check
