[2023-02-04 19:22:53,784] {taskinstance.py:1035} INFO - Dependencies all met for <TaskInstance: Train.Shell scheduled__2023-02-03T15:00:00+00:00 [queued]>
[2023-02-04 19:22:53,789] {taskinstance.py:1035} INFO - Dependencies all met for <TaskInstance: Train.Shell scheduled__2023-02-03T15:00:00+00:00 [queued]>
[2023-02-04 19:22:53,789] {taskinstance.py:1241} INFO - 
--------------------------------------------------------------------------------
[2023-02-04 19:22:53,789] {taskinstance.py:1242} INFO - Starting attempt 1 of 1
[2023-02-04 19:22:53,789] {taskinstance.py:1243} INFO - 
--------------------------------------------------------------------------------
[2023-02-04 19:22:53,799] {taskinstance.py:1262} INFO - Executing <Task(BashOperator): Shell> on 2023-02-03 15:00:00+00:00
[2023-02-04 19:22:53,801] {standard_task_runner.py:52} INFO - Started process 84340 to run task
[2023-02-04 19:22:53,804] {standard_task_runner.py:76} INFO - Running: ['airflow', 'tasks', 'run', 'Train', 'Shell', 'scheduled__2023-02-03T15:00:00+00:00', '--job-id', '44', '--raw', '--subdir', '/opt/ml/git/final-project-level3-recsys-02/Airflow/dags/RecSys_02.py', '--cfg-path', '/tmp/tmpi2q3aplw', '--error-file', '/tmp/tmpgs5t2wpx']
[2023-02-04 19:22:53,804] {standard_task_runner.py:77} INFO - Job 44: Subtask Shell
[2023-02-04 19:22:53,827] {logging_mixin.py:109} INFO - Running <TaskInstance: Train.Shell scheduled__2023-02-03T15:00:00+00:00 [running]> on host 3ab801c1e2ef
[2023-02-04 19:22:53,852] {taskinstance.py:1412} INFO - Exporting the following env vars:
AIRFLOW_CTX_DAG_OWNER=RecSys-02
AIRFLOW_CTX_DAG_ID=Train
AIRFLOW_CTX_TASK_ID=Shell
AIRFLOW_CTX_EXECUTION_DATE=2023-02-03T15:00:00+00:00
AIRFLOW_CTX_DAG_RUN_ID=scheduled__2023-02-03T15:00:00+00:00
[2023-02-04 19:22:53,853] {subprocess.py:62} INFO - Tmp dir root location: 
 /tmp
[2023-02-04 19:22:53,853] {subprocess.py:74} INFO - Running command: ['bash', '-c', 'cd /opt/ml/git/final-project-level3-recsys-02/bentoml && poetry shell']
[2023-02-04 19:22:53,859] {subprocess.py:85} INFO - Output:
[2023-02-04 19:22:54,345] {subprocess.py:89} INFO - Virtual environment already activated: /opt/ml/.cache/pypoetry/virtualenvs/01-bentoml-kzmRLtjI-py3.8
[2023-02-04 19:22:54,392] {subprocess.py:93} INFO - Command exited with return code 0
[2023-02-04 19:22:54,409] {taskinstance.py:1270} INFO - Marking task as SUCCESS. dag_id=Train, task_id=Shell, execution_date=20230203T150000, start_date=20230204T192253, end_date=20230204T192254
[2023-02-04 19:22:54,456] {local_task_job.py:154} INFO - Task exited with return code 0
[2023-02-04 19:22:54,479] {local_task_job.py:264} INFO - 1 downstream tasks scheduled from follow-on schedule check
[2023-02-04 19:23:12,204] {taskinstance.py:1035} INFO - Dependencies all met for <TaskInstance: Train.Shell manual__2023-02-04T19:21:54.589957+00:00 [queued]>
[2023-02-04 19:23:12,209] {taskinstance.py:1035} INFO - Dependencies all met for <TaskInstance: Train.Shell manual__2023-02-04T19:21:54.589957+00:00 [queued]>
[2023-02-04 19:23:12,209] {taskinstance.py:1241} INFO - 
--------------------------------------------------------------------------------
[2023-02-04 19:23:12,209] {taskinstance.py:1242} INFO - Starting attempt 1 of 1
[2023-02-04 19:23:12,209] {taskinstance.py:1243} INFO - 
--------------------------------------------------------------------------------
[2023-02-04 19:23:12,220] {taskinstance.py:1262} INFO - Executing <Task(BashOperator): Shell> on 2023-02-04 19:21:54.589957+00:00
[2023-02-04 19:23:12,223] {standard_task_runner.py:52} INFO - Started process 84464 to run task
[2023-02-04 19:23:12,225] {standard_task_runner.py:76} INFO - Running: ['airflow', 'tasks', 'run', 'Train', 'Shell', 'manual__2023-02-04T19:21:54.589957+00:00', '--job-id', '47', '--raw', '--subdir', '/opt/ml/git/final-project-level3-recsys-02/Airflow/dags/RecSys_02.py', '--cfg-path', '/tmp/tmpqq391kh6', '--error-file', '/tmp/tmpb69r5myn']
[2023-02-04 19:23:12,226] {standard_task_runner.py:77} INFO - Job 47: Subtask Shell
[2023-02-04 19:23:12,248] {logging_mixin.py:109} INFO - Running <TaskInstance: Train.Shell manual__2023-02-04T19:21:54.589957+00:00 [running]> on host 3ab801c1e2ef
[2023-02-04 19:23:12,274] {taskinstance.py:1412} INFO - Exporting the following env vars:
AIRFLOW_CTX_DAG_OWNER=RecSys-02
AIRFLOW_CTX_DAG_ID=Train
AIRFLOW_CTX_TASK_ID=Shell
AIRFLOW_CTX_EXECUTION_DATE=2023-02-04T19:21:54.589957+00:00
AIRFLOW_CTX_DAG_RUN_ID=manual__2023-02-04T19:21:54.589957+00:00
[2023-02-04 19:23:12,275] {subprocess.py:62} INFO - Tmp dir root location: 
 /tmp
[2023-02-04 19:23:12,275] {subprocess.py:74} INFO - Running command: ['bash', '-c', 'cd /opt/ml/git/final-project-level3-recsys-02/bentoml && poetry shell']
[2023-02-04 19:23:12,281] {subprocess.py:85} INFO - Output:
[2023-02-04 19:23:12,768] {subprocess.py:89} INFO - Virtual environment already activated: /opt/ml/.cache/pypoetry/virtualenvs/01-bentoml-kzmRLtjI-py3.8
[2023-02-04 19:23:12,817] {subprocess.py:93} INFO - Command exited with return code 0
[2023-02-04 19:23:12,830] {taskinstance.py:1270} INFO - Marking task as SUCCESS. dag_id=Train, task_id=Shell, execution_date=20230204T192154, start_date=20230204T192312, end_date=20230204T192312
[2023-02-04 19:23:12,878] {local_task_job.py:154} INFO - Task exited with return code 0
[2023-02-04 19:23:12,900] {local_task_job.py:264} INFO - 1 downstream tasks scheduled from follow-on schedule check
