[2023-02-04 19:01:32,930] {taskinstance.py:1035} INFO - Dependencies all met for <TaskInstance: Train.Train manual__2023-02-04T19:01:30.411092+00:00 [queued]>
[2023-02-04 19:01:32,936] {taskinstance.py:1035} INFO - Dependencies all met for <TaskInstance: Train.Train manual__2023-02-04T19:01:30.411092+00:00 [queued]>
[2023-02-04 19:01:32,936] {taskinstance.py:1241} INFO - 
--------------------------------------------------------------------------------
[2023-02-04 19:01:32,936] {taskinstance.py:1242} INFO - Starting attempt 1 of 1
[2023-02-04 19:01:32,936] {taskinstance.py:1243} INFO - 
--------------------------------------------------------------------------------
[2023-02-04 19:01:32,946] {taskinstance.py:1262} INFO - Executing <Task(BashOperator): Train> on 2023-02-04 19:01:30.411092+00:00
[2023-02-04 19:01:32,948] {standard_task_runner.py:52} INFO - Started process 74120 to run task
[2023-02-04 19:01:32,951] {standard_task_runner.py:76} INFO - Running: ['airflow', 'tasks', 'run', 'Train', 'Train', 'manual__2023-02-04T19:01:30.411092+00:00', '--job-id', '27', '--raw', '--subdir', '/opt/ml/git/final-project-level3-recsys-02/Airflow/dags/RecSys_02.py', '--cfg-path', '/tmp/tmpirwc2ttb', '--error-file', '/tmp/tmpo1qmvuj9']
[2023-02-04 19:01:32,952] {standard_task_runner.py:77} INFO - Job 27: Subtask Train
[2023-02-04 19:01:32,977] {logging_mixin.py:109} INFO - Running <TaskInstance: Train.Train manual__2023-02-04T19:01:30.411092+00:00 [running]> on host 3ab801c1e2ef
[2023-02-04 19:01:33,001] {taskinstance.py:1412} INFO - Exporting the following env vars:
AIRFLOW_CTX_DAG_OWNER=RecSys-02
AIRFLOW_CTX_DAG_ID=Train
AIRFLOW_CTX_TASK_ID=Train
AIRFLOW_CTX_EXECUTION_DATE=2023-02-04T19:01:30.411092+00:00
AIRFLOW_CTX_DAG_RUN_ID=manual__2023-02-04T19:01:30.411092+00:00
[2023-02-04 19:01:33,001] {subprocess.py:62} INFO - Tmp dir root location: 
 /tmp
[2023-02-04 19:01:33,002] {subprocess.py:74} INFO - Running command: ['bash', '-c', 'python /opt/ml/git/final-project-level3-recsys-02/bentoml/run_finetune_full.py']
[2023-02-04 19:01:33,008] {subprocess.py:85} INFO - Output:
[2023-02-04 19:01:46,132] {subprocess.py:89} INFO - Total Parameters: 7143360
[2023-02-04 19:01:46,132] {subprocess.py:89} INFO - /opt/ml/git/final-project-level3-recsys-02/bentoml/output/LastFM-epochs-10.pt Not Found! The Model is same as SASRec
[2023-02-04 19:01:46,506] {subprocess.py:89} INFO - Recommendation EP_train:0:   0%|| 0/4 [00:00<?, ?it/s]Recommendation EP_train:0:  25%|| 1/4 [00:00<00:00,  8.49it/s]Recommendation EP_train:0:  75%|| 3/4 [00:00<00:00, 10.31it/s]Recommendation EP_train:0: 100%|| 4/4 [00:00<00:00, 10.70it/s]
[2023-02-04 19:01:46,506] {subprocess.py:89} INFO - {'epoch': 0, 'rec_avg_loss': '1.3726', 'rec_cur_loss': '1.3745'}
[2023-02-04 19:01:49,102] {subprocess.py:89} INFO - Recommendation EP_test:0:   0%|| 0/4 [00:00<?, ?it/s]Recommendation EP_test:0:  25%|| 1/4 [00:00<00:01,  1.66it/s]Recommendation EP_test:0:  50%|| 2/4 [00:01<00:01,  1.69it/s]Recommendation EP_test:0:  75%|| 3/4 [00:01<00:00,  1.67it/s]Recommendation EP_test:0: 100%|| 4/4 [00:02<00:00,  1.79it/s]Recommendation EP_test:0: 100%|| 4/4 [00:02<00:00,  1.74it/s]
[2023-02-04 19:01:49,103] {subprocess.py:89} INFO - {'Epoch': 0, 'HIT@5': '0.0000', 'NDCG@5': '0.0000', 'HIT@10': '0.0000', 'NDCG@10': '0.0000', 'HIT@20': '0.0010', 'NDCG@20': '0.0002'}
[2023-02-04 19:01:49,103] {subprocess.py:89} INFO - Validation score increased.  Saving model ...
[2023-02-04 19:01:49,103] {subprocess.py:89} INFO - ---------------Change to test_rating_matrix!-------------------
[2023-02-04 19:01:51,548] {subprocess.py:89} INFO - Recommendation EP_test:0:   0%|| 0/4 [00:00<?, ?it/s]Recommendation EP_test:0:  25%|| 1/4 [00:00<00:01,  1.68it/s]Recommendation EP_test:0:  50%|| 2/4 [00:01<00:01,  1.69it/s]Recommendation EP_test:0:  75%|| 3/4 [00:01<00:00,  1.69it/s]Recommendation EP_test:0: 100%|| 4/4 [00:02<00:00,  1.79it/s]Recommendation EP_test:0: 100%|| 4/4 [00:02<00:00,  1.75it/s]
[2023-02-04 19:01:51,548] {subprocess.py:89} INFO - {'Epoch': 0, 'HIT@5': '0.0000', 'NDCG@5': '0.0000', 'HIT@10': '0.0010', 'NDCG@10': '0.0003', 'HIT@20': '0.0010', 'NDCG@20': '0.0003'}
[2023-02-04 19:01:51,548] {subprocess.py:89} INFO - Finetune_full-LastFM-10
[2023-02-04 19:01:51,548] {subprocess.py:89} INFO - {'Epoch': 0, 'HIT@5': '0.0000', 'NDCG@5': '0.0000', 'HIT@10': '0.0010', 'NDCG@10': '0.0003', 'HIT@20': '0.0010', 'NDCG@20': '0.0003'}
[2023-02-04 19:01:52,171] {subprocess.py:93} INFO - Command exited with return code 0
[2023-02-04 19:01:52,185] {taskinstance.py:1270} INFO - Marking task as SUCCESS. dag_id=Train, task_id=Train, execution_date=20230204T190130, start_date=20230204T190132, end_date=20230204T190152
[2023-02-04 19:01:52,202] {local_task_job.py:154} INFO - Task exited with return code 0
[2023-02-04 19:01:52,223] {local_task_job.py:264} INFO - 1 downstream tasks scheduled from follow-on schedule check
