[2023-02-04 19:05:11,759] {taskinstance.py:1035} INFO - Dependencies all met for <TaskInstance: Train.Termination manual__2023-02-04T19:04:31.017373+00:00 [queued]>
[2023-02-04 19:05:11,765] {taskinstance.py:1035} INFO - Dependencies all met for <TaskInstance: Train.Termination manual__2023-02-04T19:04:31.017373+00:00 [queued]>
[2023-02-04 19:05:11,765] {taskinstance.py:1241} INFO - 
--------------------------------------------------------------------------------
[2023-02-04 19:05:11,765] {taskinstance.py:1242} INFO - Starting attempt 1 of 1
[2023-02-04 19:05:11,765] {taskinstance.py:1243} INFO - 
--------------------------------------------------------------------------------
[2023-02-04 19:05:11,781] {taskinstance.py:1262} INFO - Executing <Task(BashOperator): Termination> on 2023-02-04 19:04:31.017373+00:00
[2023-02-04 19:05:11,784] {standard_task_runner.py:52} INFO - Started process 76134 to run task
[2023-02-04 19:05:11,787] {standard_task_runner.py:76} INFO - Running: ['airflow', 'tasks', 'run', 'Train', 'Termination', 'manual__2023-02-04T19:04:31.017373+00:00', '--job-id', '33', '--raw', '--subdir', '/opt/ml/git/final-project-level3-recsys-02/Airflow/dags/RecSys_02.py', '--cfg-path', '/tmp/tmp3_8kfked', '--error-file', '/tmp/tmpigevr0zb']
[2023-02-04 19:05:11,787] {standard_task_runner.py:77} INFO - Job 33: Subtask Termination
[2023-02-04 19:05:11,811] {logging_mixin.py:109} INFO - Running <TaskInstance: Train.Termination manual__2023-02-04T19:04:31.017373+00:00 [running]> on host 3ab801c1e2ef
[2023-02-04 19:05:11,840] {taskinstance.py:1412} INFO - Exporting the following env vars:
AIRFLOW_CTX_DAG_OWNER=RecSys-02
AIRFLOW_CTX_DAG_ID=Train
AIRFLOW_CTX_TASK_ID=Termination
AIRFLOW_CTX_EXECUTION_DATE=2023-02-04T19:04:31.017373+00:00
AIRFLOW_CTX_DAG_RUN_ID=manual__2023-02-04T19:04:31.017373+00:00
[2023-02-04 19:05:11,841] {subprocess.py:62} INFO - Tmp dir root location: 
 /tmp
[2023-02-04 19:05:11,842] {subprocess.py:74} INFO - Running command: ['bash', '-c', 'pkill -9 bentoml']
[2023-02-04 19:05:11,848] {subprocess.py:85} INFO - Output:
[2023-02-04 19:05:11,851] {subprocess.py:93} INFO - Command exited with return code 0
[2023-02-04 19:05:11,867] {taskinstance.py:1270} INFO - Marking task as SUCCESS. dag_id=Train, task_id=Termination, execution_date=20230204T190431, start_date=20230204T190511, end_date=20230204T190511
[2023-02-04 19:05:11,918] {local_task_job.py:154} INFO - Task exited with return code 0
[2023-02-04 19:05:11,938] {local_task_job.py:264} INFO - 1 downstream tasks scheduled from follow-on schedule check
