[2023-02-04 19:21:31,728] {taskinstance.py:1035} INFO - Dependencies all met for <TaskInstance: Train.Train scheduled__2023-02-02T15:00:00+00:00 [queued]>
[2023-02-04 19:21:31,733] {taskinstance.py:1035} INFO - Dependencies all met for <TaskInstance: Train.Train scheduled__2023-02-02T15:00:00+00:00 [queued]>
[2023-02-04 19:21:31,734] {taskinstance.py:1241} INFO - 
--------------------------------------------------------------------------------
[2023-02-04 19:21:31,734] {taskinstance.py:1242} INFO - Starting attempt 1 of 1
[2023-02-04 19:21:31,734] {taskinstance.py:1243} INFO - 
--------------------------------------------------------------------------------
[2023-02-04 19:21:31,746] {taskinstance.py:1262} INFO - Executing <Task(BashOperator): Train> on 2023-02-02 15:00:00+00:00
[2023-02-04 19:21:31,748] {standard_task_runner.py:52} INFO - Started process 83847 to run task
[2023-02-04 19:21:31,751] {standard_task_runner.py:76} INFO - Running: ['airflow', 'tasks', 'run', 'Train', 'Train', 'scheduled__2023-02-02T15:00:00+00:00', '--job-id', '38', '--raw', '--subdir', '/opt/ml/git/final-project-level3-recsys-02/Airflow/dags/RecSys_02.py', '--cfg-path', '/tmp/tmpuvykxfde', '--error-file', '/tmp/tmphtod9mjw']
[2023-02-04 19:21:31,752] {standard_task_runner.py:77} INFO - Job 38: Subtask Train
[2023-02-04 19:21:31,776] {logging_mixin.py:109} INFO - Running <TaskInstance: Train.Train scheduled__2023-02-02T15:00:00+00:00 [running]> on host 3ab801c1e2ef
[2023-02-04 19:21:31,801] {taskinstance.py:1412} INFO - Exporting the following env vars:
AIRFLOW_CTX_DAG_OWNER=RecSys-02
AIRFLOW_CTX_DAG_ID=Train
AIRFLOW_CTX_TASK_ID=Train
AIRFLOW_CTX_EXECUTION_DATE=2023-02-02T15:00:00+00:00
AIRFLOW_CTX_DAG_RUN_ID=scheduled__2023-02-02T15:00:00+00:00
[2023-02-04 19:21:31,802] {subprocess.py:62} INFO - Tmp dir root location: 
 /tmp
[2023-02-04 19:21:31,802] {subprocess.py:74} INFO - Running command: ['bash', '-c', 'python /opt/ml/git/final-project-level3-recsys-02/bentoml/run_finetune_full.py']
[2023-02-04 19:21:31,808] {subprocess.py:85} INFO - Output:
[2023-02-04 19:21:44,948] {subprocess.py:89} INFO - Total Parameters: 7143360
[2023-02-04 19:21:44,948] {subprocess.py:89} INFO - /opt/ml/git/final-project-level3-recsys-02/bentoml/output/LastFM-epochs-10.pt Not Found! The Model is same as SASRec
[2023-02-04 19:21:45,328] {subprocess.py:89} INFO - Recommendation EP_train:0:   0%|| 0/4 [00:00<?, ?it/s]Recommendation EP_train:0:  25%|| 1/4 [00:00<00:00,  8.54it/s]Recommendation EP_train:0:  75%|| 3/4 [00:00<00:00, 10.24it/s]Recommendation EP_train:0: 100%|| 4/4 [00:00<00:00, 10.57it/s]
[2023-02-04 19:21:45,328] {subprocess.py:89} INFO - {'epoch': 0, 'rec_avg_loss': '1.3726', 'rec_cur_loss': '1.3745'}
[2023-02-04 19:21:47,964] {subprocess.py:89} INFO - Recommendation EP_test:0:   0%|| 0/4 [00:00<?, ?it/s]Recommendation EP_test:0:  25%|| 1/4 [00:00<00:01,  1.67it/s]Recommendation EP_test:0:  50%|| 2/4 [00:01<00:01,  1.65it/s]Recommendation EP_test:0:  75%|| 3/4 [00:01<00:00,  1.63it/s]Recommendation EP_test:0: 100%|| 4/4 [00:02<00:00,  1.75it/s]Recommendation EP_test:0: 100%|| 4/4 [00:02<00:00,  1.71it/s]
[2023-02-04 19:21:47,964] {subprocess.py:89} INFO - {'Epoch': 0, 'HIT@5': '0.0000', 'NDCG@5': '0.0000', 'HIT@10': '0.0000', 'NDCG@10': '0.0000', 'HIT@20': '0.0010', 'NDCG@20': '0.0002'}
[2023-02-04 19:21:47,964] {subprocess.py:89} INFO - Validation score increased.  Saving model ...
[2023-02-04 19:21:47,964] {subprocess.py:89} INFO - ---------------Change to test_rating_matrix!-------------------
[2023-02-04 19:21:50,462] {subprocess.py:89} INFO - Recommendation EP_test:0:   0%|| 0/4 [00:00<?, ?it/s]Recommendation EP_test:0:  25%|| 1/4 [00:00<00:01,  1.65it/s]Recommendation EP_test:0:  50%|| 2/4 [00:01<00:01,  1.65it/s]Recommendation EP_test:0:  75%|| 3/4 [00:01<00:00,  1.65it/s]Recommendation EP_test:0: 100%|| 4/4 [00:02<00:00,  1.76it/s]Recommendation EP_test:0: 100%|| 4/4 [00:02<00:00,  1.72it/s]
[2023-02-04 19:21:50,462] {subprocess.py:89} INFO - {'Epoch': 0, 'HIT@5': '0.0000', 'NDCG@5': '0.0000', 'HIT@10': '0.0010', 'NDCG@10': '0.0003', 'HIT@20': '0.0010', 'NDCG@20': '0.0003'}
[2023-02-04 19:21:50,462] {subprocess.py:89} INFO - Finetune_full-LastFM-10
[2023-02-04 19:21:50,462] {subprocess.py:89} INFO - {'Epoch': 0, 'HIT@5': '0.0000', 'NDCG@5': '0.0000', 'HIT@10': '0.0010', 'NDCG@10': '0.0003', 'HIT@20': '0.0010', 'NDCG@20': '0.0003'}
[2023-02-04 19:21:51,087] {subprocess.py:93} INFO - Command exited with return code 0
[2023-02-04 19:21:51,102] {taskinstance.py:1270} INFO - Marking task as SUCCESS. dag_id=Train, task_id=Train, execution_date=20230202T150000, start_date=20230204T192131, end_date=20230204T192151
[2023-02-04 19:21:51,161] {local_task_job.py:154} INFO - Task exited with return code 0
[2023-02-04 19:21:51,182] {local_task_job.py:264} INFO - 1 downstream tasks scheduled from follow-on schedule check
