[2023-02-04 19:04:55,174] {taskinstance.py:1035} INFO - Dependencies all met for <TaskInstance: Train.Shell manual__2023-02-04T19:04:31.017373+00:00 [queued]>
[2023-02-04 19:04:55,180] {taskinstance.py:1035} INFO - Dependencies all met for <TaskInstance: Train.Shell manual__2023-02-04T19:04:31.017373+00:00 [queued]>
[2023-02-04 19:04:55,180] {taskinstance.py:1241} INFO - 
--------------------------------------------------------------------------------
[2023-02-04 19:04:55,181] {taskinstance.py:1242} INFO - Starting attempt 1 of 3
[2023-02-04 19:04:55,181] {taskinstance.py:1243} INFO - 
--------------------------------------------------------------------------------
[2023-02-04 19:04:55,189] {taskinstance.py:1262} INFO - Executing <Task(BashOperator): Shell> on 2023-02-04 19:04:31.017373+00:00
[2023-02-04 19:04:55,191] {standard_task_runner.py:52} INFO - Started process 75919 to run task
[2023-02-04 19:04:55,195] {standard_task_runner.py:76} INFO - Running: ['airflow', 'tasks', 'run', 'Train', 'Shell', 'manual__2023-02-04T19:04:31.017373+00:00', '--job-id', '31', '--raw', '--subdir', '/opt/ml/git/final-project-level3-recsys-02/Airflow/dags/RecSys_02.py', '--cfg-path', '/tmp/tmp25zkll4o', '--error-file', '/tmp/tmpo7lzgb1_']
[2023-02-04 19:04:55,195] {standard_task_runner.py:77} INFO - Job 31: Subtask Shell
[2023-02-04 19:04:55,220] {logging_mixin.py:109} INFO - Running <TaskInstance: Train.Shell manual__2023-02-04T19:04:31.017373+00:00 [running]> on host 3ab801c1e2ef
[2023-02-04 19:04:55,243] {taskinstance.py:1412} INFO - Exporting the following env vars:
AIRFLOW_CTX_DAG_OWNER=RecSys-02
AIRFLOW_CTX_DAG_ID=Train
AIRFLOW_CTX_TASK_ID=Shell
AIRFLOW_CTX_EXECUTION_DATE=2023-02-04T19:04:31.017373+00:00
AIRFLOW_CTX_DAG_RUN_ID=manual__2023-02-04T19:04:31.017373+00:00
[2023-02-04 19:04:55,244] {subprocess.py:62} INFO - Tmp dir root location: 
 /tmp
[2023-02-04 19:04:55,244] {subprocess.py:74} INFO - Running command: ['bash', '-c', 'cd /opt/ml/git/final-project-level3-recsys-02/bentoml && poetry shell']
[2023-02-04 19:04:55,250] {subprocess.py:85} INFO - Output:
[2023-02-04 19:04:55,742] {subprocess.py:89} INFO - Virtual environment already activated: /opt/ml/.cache/pypoetry/virtualenvs/01-bentoml-kzmRLtjI-py3.8
[2023-02-04 19:04:55,788] {subprocess.py:93} INFO - Command exited with return code 0
[2023-02-04 19:04:55,801] {taskinstance.py:1270} INFO - Marking task as SUCCESS. dag_id=Train, task_id=Shell, execution_date=20230204T190431, start_date=20230204T190455, end_date=20230204T190455
[2023-02-04 19:04:55,847] {local_task_job.py:154} INFO - Task exited with return code 0
[2023-02-04 19:04:55,870] {local_task_job.py:264} INFO - 1 downstream tasks scheduled from follow-on schedule check
