[2023-02-04 19:22:16,348] {taskinstance.py:1035} INFO - Dependencies all met for <TaskInstance: Train.Shell scheduled__2023-02-02T15:00:00+00:00 [queued]>
[2023-02-04 19:22:16,353] {taskinstance.py:1035} INFO - Dependencies all met for <TaskInstance: Train.Shell scheduled__2023-02-02T15:00:00+00:00 [queued]>
[2023-02-04 19:22:16,353] {taskinstance.py:1241} INFO - 
--------------------------------------------------------------------------------
[2023-02-04 19:22:16,353] {taskinstance.py:1242} INFO - Starting attempt 1 of 1
[2023-02-04 19:22:16,354] {taskinstance.py:1243} INFO - 
--------------------------------------------------------------------------------
[2023-02-04 19:22:16,364] {taskinstance.py:1262} INFO - Executing <Task(BashOperator): Shell> on 2023-02-02 15:00:00+00:00
[2023-02-04 19:22:16,367] {standard_task_runner.py:52} INFO - Started process 84126 to run task
[2023-02-04 19:22:16,370] {standard_task_runner.py:76} INFO - Running: ['airflow', 'tasks', 'run', 'Train', 'Shell', 'scheduled__2023-02-02T15:00:00+00:00', '--job-id', '41', '--raw', '--subdir', '/opt/ml/git/final-project-level3-recsys-02/Airflow/dags/RecSys_02.py', '--cfg-path', '/tmp/tmpbkqg04rj', '--error-file', '/tmp/tmpc8cj0ac9']
[2023-02-04 19:22:16,371] {standard_task_runner.py:77} INFO - Job 41: Subtask Shell
[2023-02-04 19:22:16,395] {logging_mixin.py:109} INFO - Running <TaskInstance: Train.Shell scheduled__2023-02-02T15:00:00+00:00 [running]> on host 3ab801c1e2ef
[2023-02-04 19:22:16,420] {taskinstance.py:1412} INFO - Exporting the following env vars:
AIRFLOW_CTX_DAG_OWNER=RecSys-02
AIRFLOW_CTX_DAG_ID=Train
AIRFLOW_CTX_TASK_ID=Shell
AIRFLOW_CTX_EXECUTION_DATE=2023-02-02T15:00:00+00:00
AIRFLOW_CTX_DAG_RUN_ID=scheduled__2023-02-02T15:00:00+00:00
[2023-02-04 19:22:16,421] {subprocess.py:62} INFO - Tmp dir root location: 
 /tmp
[2023-02-04 19:22:16,422] {subprocess.py:74} INFO - Running command: ['bash', '-c', 'cd /opt/ml/git/final-project-level3-recsys-02/bentoml && poetry shell']
[2023-02-04 19:22:16,427] {subprocess.py:85} INFO - Output:
[2023-02-04 19:22:16,920] {subprocess.py:89} INFO - Virtual environment already activated: /opt/ml/.cache/pypoetry/virtualenvs/01-bentoml-kzmRLtjI-py3.8
[2023-02-04 19:22:16,975] {subprocess.py:93} INFO - Command exited with return code 0
[2023-02-04 19:22:16,989] {taskinstance.py:1270} INFO - Marking task as SUCCESS. dag_id=Train, task_id=Shell, execution_date=20230202T150000, start_date=20230204T192216, end_date=20230204T192216
[2023-02-04 19:22:17,022] {local_task_job.py:154} INFO - Task exited with return code 0
[2023-02-04 19:22:17,044] {local_task_job.py:264} INFO - 1 downstream tasks scheduled from follow-on schedule check
