[2023-02-04 18:52:54,999] {taskinstance.py:1035} INFO - Dependencies all met for <TaskInstance: Train.Pakage manual__2023-02-04T18:49:25.694601+00:00 [queued]>
[2023-02-04 18:52:55,004] {taskinstance.py:1035} INFO - Dependencies all met for <TaskInstance: Train.Pakage manual__2023-02-04T18:49:25.694601+00:00 [queued]>
[2023-02-04 18:52:55,004] {taskinstance.py:1241} INFO - 
--------------------------------------------------------------------------------
[2023-02-04 18:52:55,004] {taskinstance.py:1242} INFO - Starting attempt 2 of 4
[2023-02-04 18:52:55,004] {taskinstance.py:1243} INFO - 
--------------------------------------------------------------------------------
[2023-02-04 18:52:55,013] {taskinstance.py:1262} INFO - Executing <Task(BashOperator): Pakage> on 2023-02-04 18:49:25.694601+00:00
[2023-02-04 18:52:55,015] {standard_task_runner.py:52} INFO - Started process 70007 to run task
[2023-02-04 18:52:55,019] {standard_task_runner.py:76} INFO - Running: ['airflow', 'tasks', 'run', 'Train', 'Pakage', 'manual__2023-02-04T18:49:25.694601+00:00', '--job-id', '17', '--raw', '--subdir', '/opt/ml/git/final-project-level3-recsys-02/Airflow/dags/RecSys_02.py', '--cfg-path', '/tmp/tmpmmq74920', '--error-file', '/tmp/tmpgsglnnu1']
[2023-02-04 18:52:55,019] {standard_task_runner.py:77} INFO - Job 17: Subtask Pakage
[2023-02-04 18:52:55,043] {logging_mixin.py:109} INFO - Running <TaskInstance: Train.Pakage manual__2023-02-04T18:49:25.694601+00:00 [running]> on host 3ab801c1e2ef
[2023-02-04 18:52:55,064] {taskinstance.py:1412} INFO - Exporting the following env vars:
AIRFLOW_CTX_DAG_OWNER=RecSys-02
AIRFLOW_CTX_DAG_ID=Train
AIRFLOW_CTX_TASK_ID=Pakage
AIRFLOW_CTX_EXECUTION_DATE=2023-02-04T18:49:25.694601+00:00
AIRFLOW_CTX_DAG_RUN_ID=manual__2023-02-04T18:49:25.694601+00:00
[2023-02-04 18:52:55,065] {subprocess.py:62} INFO - Tmp dir root location: 
 /tmp
[2023-02-04 18:52:55,065] {subprocess.py:74} INFO - Running command: ['bash', '-c', 'python /opt/ml/git/final-project-level3-recsys-02/bentoml/my_bento_packer.py']
[2023-02-04 18:52:55,071] {subprocess.py:85} INFO - Output:
[2023-02-04 18:53:02,430] {subprocess.py:89} INFO - output/ created
[2023-02-04 18:53:02,430] {subprocess.py:89} INFO - Total Parameters: 7143360
[2023-02-04 18:53:02,430] {subprocess.py:89} INFO - Inferencing 'main' ...
[2023-02-04 18:53:07,238] {subprocess.py:89} INFO - Recommendation EP:0:   0%|| 0/62 [00:00<?, ?it/s]Recommendation EP:0:   5%|| 3/62 [00:00<00:02, 23.53it/s]Recommendation EP:0:  10%|| 6/62 [00:00<00:02, 26.17it/s]Recommendation EP:0:  16%|| 10/62 [00:00<00:01, 28.33it/s]Recommendation EP:0:  23%|| 14/62 [00:00<00:01, 29.71it/s]Recommendation EP:0:  29%|| 18/62 [00:00<00:01, 30.51it/s]Recommendation EP:0:  35%|| 22/62 [00:00<00:01, 30.93it/s]Recommendation EP:0:  42%|| 26/62 [00:00<00:01, 31.06it/s]Recommendation EP:0:  48%|| 30/62 [00:00<00:01, 31.24it/s]Recommendation EP:0:  55%|| 34/62 [00:01<00:00, 31.61it/s]Recommendation EP:0:  61%|| 38/62 [00:01<00:00, 31.59it/s]Recommendation EP:0:  68%|| 42/62 [00:01<00:00, 31.04it/s]Recommendation EP:0:  74%|| 46/62 [00:01<00:00, 30.84it/s]Recommendation EP:0:  81%|| 50/62 [00:01<00:00, 31.12it/s]Recommendation EP:0:  87%|| 54/62 [00:01<00:00, 31.23it/s]Recommendation EP:0:  94%|| 58/62 [00:01<00:00, 31.27it/s]Recommendation EP:0: 100%|| 62/62 [00:02<00:00, 32.55it/s]Recommendation EP:0: 100%|| 62/62 [00:02<00:00, 30.95it/s][2023-02-04 18:53:07,238] INFO - BentoService bundle 'MyService:20230204185304_CF85CB' saved to: /opt/ml/bentoml/repository/MyService/20230204185304_CF85CB
[2023-02-04 18:53:07,244] {subprocess.py:89} INFO - 
[2023-02-04 18:53:07,999] {subprocess.py:93} INFO - Command exited with return code 0
[2023-02-04 18:53:08,014] {taskinstance.py:1270} INFO - Marking task as SUCCESS. dag_id=Train, task_id=Pakage, execution_date=20230204T184925, start_date=20230204T185254, end_date=20230204T185308
[2023-02-04 18:53:08,034] {local_task_job.py:154} INFO - Task exited with return code 0
[2023-02-04 18:53:08,053] {local_task_job.py:264} INFO - 1 downstream tasks scheduled from follow-on schedule check
