[2023-02-04 19:22:56,114] {taskinstance.py:1035} INFO - Dependencies all met for <TaskInstance: Train.Pakage scheduled__2023-02-02T15:00:00+00:00 [queued]>
[2023-02-04 19:22:56,119] {taskinstance.py:1035} INFO - Dependencies all met for <TaskInstance: Train.Pakage scheduled__2023-02-02T15:00:00+00:00 [queued]>
[2023-02-04 19:22:56,119] {taskinstance.py:1241} INFO - 
--------------------------------------------------------------------------------
[2023-02-04 19:22:56,119] {taskinstance.py:1242} INFO - Starting attempt 1 of 1
[2023-02-04 19:22:56,119] {taskinstance.py:1243} INFO - 
--------------------------------------------------------------------------------
[2023-02-04 19:22:56,129] {taskinstance.py:1262} INFO - Executing <Task(BashOperator): Pakage> on 2023-02-02 15:00:00+00:00
[2023-02-04 19:22:56,131] {standard_task_runner.py:52} INFO - Started process 84365 to run task
[2023-02-04 19:22:56,134] {standard_task_runner.py:76} INFO - Running: ['airflow', 'tasks', 'run', 'Train', 'Pakage', 'scheduled__2023-02-02T15:00:00+00:00', '--job-id', '45', '--raw', '--subdir', '/opt/ml/git/final-project-level3-recsys-02/Airflow/dags/RecSys_02.py', '--cfg-path', '/tmp/tmpinm0ysek', '--error-file', '/tmp/tmpii_6_22k']
[2023-02-04 19:22:56,135] {standard_task_runner.py:77} INFO - Job 45: Subtask Pakage
[2023-02-04 19:22:56,159] {logging_mixin.py:109} INFO - Running <TaskInstance: Train.Pakage scheduled__2023-02-02T15:00:00+00:00 [running]> on host 3ab801c1e2ef
[2023-02-04 19:22:56,184] {taskinstance.py:1412} INFO - Exporting the following env vars:
AIRFLOW_CTX_DAG_OWNER=RecSys-02
AIRFLOW_CTX_DAG_ID=Train
AIRFLOW_CTX_TASK_ID=Pakage
AIRFLOW_CTX_EXECUTION_DATE=2023-02-02T15:00:00+00:00
AIRFLOW_CTX_DAG_RUN_ID=scheduled__2023-02-02T15:00:00+00:00
[2023-02-04 19:22:56,184] {subprocess.py:62} INFO - Tmp dir root location: 
 /tmp
[2023-02-04 19:22:56,185] {subprocess.py:74} INFO - Running command: ['bash', '-c', 'python /opt/ml/git/final-project-level3-recsys-02/bentoml/my_bento_packer.py']
[2023-02-04 19:22:56,191] {subprocess.py:85} INFO - Output:
[2023-02-04 19:23:02,866] {subprocess.py:89} INFO - output/ created
[2023-02-04 19:23:02,866] {subprocess.py:89} INFO - Total Parameters: 7143360
[2023-02-04 19:23:02,866] {subprocess.py:89} INFO - Inferencing 'main' ...
[2023-02-04 19:23:07,704] {subprocess.py:89} INFO - Recommendation EP:0:   0%|| 0/62 [00:00<?, ?it/s]Recommendation EP:0:   5%|| 3/62 [00:00<00:02, 24.59it/s]Recommendation EP:0:  11%|| 7/62 [00:00<00:01, 28.84it/s]Recommendation EP:0:  18%|| 11/62 [00:00<00:01, 29.86it/s]Recommendation EP:0:  24%|| 15/62 [00:00<00:01, 30.59it/s]Recommendation EP:0:  31%|| 19/62 [00:00<00:01, 30.88it/s]Recommendation EP:0:  37%|| 23/62 [00:00<00:01, 31.07it/s]Recommendation EP:0:  44%|| 27/62 [00:00<00:01, 31.32it/s]Recommendation EP:0:  50%|| 31/62 [00:01<00:00, 31.22it/s]Recommendation EP:0:  56%|| 35/62 [00:01<00:00, 31.39it/s]Recommendation EP:0:  63%|| 39/62 [00:01<00:00, 31.57it/s]Recommendation EP:0:  69%|| 43/62 [00:01<00:00, 30.98it/s]Recommendation EP:0:  76%|| 47/62 [00:01<00:00, 31.19it/s]Recommendation EP:0:  82%|| 51/62 [00:01<00:00, 31.02it/s]Recommendation EP:0:  89%|| 55/62 [00:01<00:00, 30.93it/s]Recommendation EP:0:  95%|| 59/62 [00:01<00:00, 31.12it/s]Recommendation EP:0: 100%|| 62/62 [00:01<00:00, 31.18it/s][2023-02-04 19:23:07,703] INFO - BentoService bundle 'MyService:20230204192305_C2BD10' saved to: /opt/ml/bentoml/repository/MyService/20230204192305_C2BD10
[2023-02-04 19:23:07,710] {subprocess.py:89} INFO - 
[2023-02-04 19:23:08,181] {subprocess.py:93} INFO - Command exited with return code 0
[2023-02-04 19:23:08,196] {taskinstance.py:1270} INFO - Marking task as SUCCESS. dag_id=Train, task_id=Pakage, execution_date=20230202T150000, start_date=20230204T192256, end_date=20230204T192308
[2023-02-04 19:23:08,221] {local_task_job.py:154} INFO - Task exited with return code 0
[2023-02-04 19:23:08,240] {local_task_job.py:264} INFO - 1 downstream tasks scheduled from follow-on schedule check
