[2023-02-04 18:58:23,857] {taskinstance.py:1035} INFO - Dependencies all met for <TaskInstance: Train.Pakage manual__2023-02-04T18:57:58.714304+00:00 [queued]>
[2023-02-04 18:58:23,863] {taskinstance.py:1035} INFO - Dependencies all met for <TaskInstance: Train.Pakage manual__2023-02-04T18:57:58.714304+00:00 [queued]>
[2023-02-04 18:58:23,863] {taskinstance.py:1241} INFO - 
--------------------------------------------------------------------------------
[2023-02-04 18:58:23,863] {taskinstance.py:1242} INFO - Starting attempt 1 of 3
[2023-02-04 18:58:23,863] {taskinstance.py:1243} INFO - 
--------------------------------------------------------------------------------
[2023-02-04 18:58:23,871] {taskinstance.py:1262} INFO - Executing <Task(BashOperator): Pakage> on 2023-02-04 18:57:58.714304+00:00
[2023-02-04 18:58:23,874] {standard_task_runner.py:52} INFO - Started process 72293 to run task
[2023-02-04 18:58:23,877] {standard_task_runner.py:76} INFO - Running: ['airflow', 'tasks', 'run', 'Train', 'Pakage', 'manual__2023-02-04T18:57:58.714304+00:00', '--job-id', '24', '--raw', '--subdir', '/opt/ml/git/final-project-level3-recsys-02/Airflow/dags/RecSys_02.py', '--cfg-path', '/tmp/tmp2otwcwj5', '--error-file', '/tmp/tmpj8goaedr']
[2023-02-04 18:58:23,878] {standard_task_runner.py:77} INFO - Job 24: Subtask Pakage
[2023-02-04 18:58:23,902] {logging_mixin.py:109} INFO - Running <TaskInstance: Train.Pakage manual__2023-02-04T18:57:58.714304+00:00 [running]> on host 3ab801c1e2ef
[2023-02-04 18:58:23,926] {taskinstance.py:1412} INFO - Exporting the following env vars:
AIRFLOW_CTX_DAG_OWNER=RecSys-02
AIRFLOW_CTX_DAG_ID=Train
AIRFLOW_CTX_TASK_ID=Pakage
AIRFLOW_CTX_EXECUTION_DATE=2023-02-04T18:57:58.714304+00:00
AIRFLOW_CTX_DAG_RUN_ID=manual__2023-02-04T18:57:58.714304+00:00
[2023-02-04 18:58:23,926] {subprocess.py:62} INFO - Tmp dir root location: 
 /tmp
[2023-02-04 18:58:23,927] {subprocess.py:74} INFO - Running command: ['bash', '-c', 'python /opt/ml/git/final-project-level3-recsys-02/bentoml/my_bento_packer.py']
[2023-02-04 18:58:23,933] {subprocess.py:85} INFO - Output:
[2023-02-04 18:58:31,286] {subprocess.py:89} INFO - output/ created
[2023-02-04 18:58:31,287] {subprocess.py:89} INFO - Total Parameters: 7143360
[2023-02-04 18:58:31,287] {subprocess.py:89} INFO - Inferencing 'main' ...
[2023-02-04 18:58:36,160] {subprocess.py:89} INFO - Recommendation EP:0:   0%|| 0/62 [00:00<?, ?it/s]Recommendation EP:0:   5%|| 3/62 [00:00<00:02, 24.54it/s]Recommendation EP:0:  11%|| 7/62 [00:00<00:01, 28.45it/s]Recommendation EP:0:  18%|| 11/62 [00:00<00:01, 29.71it/s]Recommendation EP:0:  24%|| 15/62 [00:00<00:01, 30.69it/s]Recommendation EP:0:  31%|| 19/62 [00:00<00:01, 31.13it/s]Recommendation EP:0:  37%|| 23/62 [00:00<00:01, 31.40it/s]Recommendation EP:0:  44%|| 27/62 [00:00<00:01, 31.49it/s]Recommendation EP:0:  50%|| 31/62 [00:01<00:00, 31.54it/s]Recommendation EP:0:  56%|| 35/62 [00:01<00:00, 31.79it/s]Recommendation EP:0:  63%|| 39/62 [00:01<00:00, 31.85it/s]Recommendation EP:0:  69%|| 43/62 [00:01<00:00, 31.27it/s]Recommendation EP:0:  76%|| 47/62 [00:01<00:00, 31.17it/s]Recommendation EP:0:  82%|| 51/62 [00:01<00:00, 31.28it/s]Recommendation EP:0:  89%|| 55/62 [00:01<00:00, 31.32it/s]Recommendation EP:0:  95%|| 59/62 [00:01<00:00, 31.39it/s]Recommendation EP:0: 100%|| 62/62 [00:01<00:00, 31.37it/s][2023-02-04 18:58:36,160] INFO - BentoService bundle 'MyService:20230204185833_DF3A7B' saved to: /opt/ml/bentoml/repository/MyService/20230204185833_DF3A7B
[2023-02-04 18:58:36,167] {subprocess.py:89} INFO - 
[2023-02-04 18:58:36,931] {subprocess.py:93} INFO - Command exited with return code 0
[2023-02-04 18:58:36,945] {taskinstance.py:1270} INFO - Marking task as SUCCESS. dag_id=Train, task_id=Pakage, execution_date=20230204T185758, start_date=20230204T185823, end_date=20230204T185836
[2023-02-04 18:58:36,967] {local_task_job.py:154} INFO - Task exited with return code 0
[2023-02-04 18:58:36,985] {local_task_job.py:264} INFO - 1 downstream tasks scheduled from follow-on schedule check
